<?xml version="1.0" encoding="UTF-8"?>
<!-- Generated by org.testng.reporters.JUnitXMLReporter -->
<testsuite ignored="14" hostname="DESKTOP-7B2N1DS" failures="0" tests="0" time="0.001" errors="0" timestamp="2024-09-06T12:29:53 IST">
  <testcase classname="amazon.ProjectTest.TC_06_AmazonSearchFilterTest" name="searchByCategory" time="0.0">
    <ignored/>
  </testcase> <!-- searchByCategory -->
  <testcase classname="amazon.ProjectTest.TC_08_AmazonSortProducTest" name="SortByFeature" time="0.0">
    <ignored/>
  </testcase> <!-- SortByFeature -->
  <testcase classname="amazon.ProjectTest.TC_02_AmazonLoginTest" name="usernameTestcase" time="0.0">
    <ignored/>
  </testcase> <!-- usernameTestcase -->
  <testcase classname="amazon.ProjectTest.TC_03_AmazonLoginFailTestt" name="WrongCredentials" time="0.0">
    <ignored/>
  </testcase> <!-- WrongCredentials -->
  <testcase classname="amazon.ProjectTest.TC_05_AmazonSearchTest" name="searchTestCase" time="0.0">
    <ignored/>
  </testcase> <!-- searchTestCase -->
  <testcase classname="amazon.ProjectTest.TC_10_AmazonItemsAddedQuantity" name="addedMoreQuantity" time="0.0">
    <ignored/>
  </testcase> <!-- addedMoreQuantity -->
  <testcase classname="amazon.ProjectTest.TC_13" name="offers" time="0.0">
    <ignored/>
  </testcase> <!-- offers -->
  <testcase classname="amazon.ProjectTest.TC_07_AmazonProductDetailsTest" name="productDetails" time="0.0">
    <ignored/>
  </testcase> <!-- productDetails -->
  <testcase classname="amazon.ProjectTest.TC_11_AmazonCheckout" name="amazonCheckoutCode" time="0.0">
    <ignored/>
  </testcase> <!-- amazonCheckoutCode -->
  <testcase classname="amazon.ProjectTest.TC_04_AmazonManageProfileTest" name="clickManageProfileTest" time="0.0">
    <ignored/>
  </testcase> <!-- clickManageProfileTest -->
  <testcase classname="amazon.ProjectTest.TC_15" name="addCartTo" time="0.0">
    <ignored/>
  </testcase> <!-- addCartTo -->
  <testcase classname="amazon.ProjectTest.TC_12_AmazonPaymentMethodSelectAll" name="usingCODOption" time="0.0">
    <ignored/>
  </testcase> <!-- usingCODOption -->
  <testcase classname="amazon.ProjectTest.TC_01_AmazonRegisterTest" name="amazonRegister" time="0.0">
    <ignored/>
  </testcase> <!-- amazonRegister -->
  <testcase classname="amazon.ProjectTest.TC_09_AmazonAddToCartTest" name="addToCart" time="0.0">
    <ignored/>
  </testcase> <!-- addToCart -->
</testsuite>
